-2021-05-07 11:41:14.444 - INFO 23409 --- [restartedMain] c.k.o.CustomerOrderGeneratorApplication  : Starting CustomerOrderGeneratorApplication using Java 11.0.10 on subhabrata with PID 23409 (/home/subhabrata/Workspace/gitSubhSen/FoodKiosk/CustomerOrderGenerator/target/classes started by subhabrata in /home/subhabrata/Workspace/gitSubhSen/FoodKiosk)
--2021-05-07 11:41:14.448 - INFO 23409 --- [restartedMain] c.k.o.CustomerOrderGeneratorApplication  : No active profile set, falling back to default profiles: default
--2021-05-07 11:41:14.557 - INFO 23409 --- [restartedMain] .e.DevToolsPropertyDefaultsPostProcessor : Devtools property defaults active! Set 'spring.devtools.add-properties' to 'false' to disable
--2021-05-07 11:41:14.558 - INFO 23409 --- [restartedMain] .e.DevToolsPropertyDefaultsPostProcessor : For additional web related logging consider setting the 'logging.level.web' property to 'DEBUG'
--2021-05-07 11:41:15.914 - INFO 23409 --- [restartedMain] o.s.b.w.embedded.tomcat.TomcatWebServer  : Tomcat initialized with port(s): 2000 (http)
--2021-05-07 11:41:15.927 - INFO 23409 --- [restartedMain] o.apache.catalina.core.StandardService   : Starting service [Tomcat]
--2021-05-07 11:41:15.928 - INFO 23409 --- [restartedMain] org.apache.catalina.core.StandardEngine  : Starting Servlet engine: [Apache Tomcat/9.0.45]
--2021-05-07 11:41:16.019 - INFO 23409 --- [restartedMain] o.a.c.c.C.[Tomcat].[localhost].[/]       : Initializing Spring embedded WebApplicationContext
--2021-05-07 11:41:16.019 - INFO 23409 --- [restartedMain] w.s.c.ServletWebServerApplicationContext : Root WebApplicationContext: initialization completed in 1460 ms
--2021-05-07 11:41:16.094 - INFO 23409 --- [restartedMain] c.k.o.CustomerOrderGeneratorApplication  : totalMemory = 156237824
--2021-05-07 11:41:16.095 - INFO 23409 --- [restartedMain] c.k.o.CustomerOrderGeneratorApplication  : maxMemory   = 2061500416
--2021-05-07 11:41:16.096 - INFO 23409 --- [restartedMain] c.k.o.CustomerOrderGeneratorApplication  : freeMemory  = 141952000
--2021-05-07 11:41:16.647 - INFO 23409 --- [restartedMain] pertySourcedRequestMappingHandlerMapping : Mapped URL path [/v2/api-docs] onto method [springfox.documentation.swagger2.web.Swagger2Controller#getDocumentation(String, HttpServletRequest)]
--2021-05-07 11:41:16.727 - INFO 23409 --- [restartedMain] o.s.s.concurrent.ThreadPoolTaskExecutor  : Initializing ExecutorService 'applicationTaskExecutor'
--2021-05-07 11:41:16.750 - WARN 23409 --- [restartedMain] o.s.b.d.a.OptionalLiveReloadServer       : Unable to start LiveReload server
--2021-05-07 11:41:16.956 - INFO 23409 --- [restartedMain] o.s.b.w.embedded.tomcat.TomcatWebServer  : Tomcat started on port(s): 2000 (http) with context path ''
--2021-05-07 11:41:16.957 - INFO 23409 --- [restartedMain] d.s.w.p.DocumentationPluginsBootstrapper : Context refreshed
--2021-05-07 11:41:16.978 - INFO 23409 --- [restartedMain] d.s.w.p.DocumentationPluginsBootstrapper : Found 1 custom documentation plugin(s)
--2021-05-07 11:41:17.005 - INFO 23409 --- [restartedMain] s.d.s.w.s.ApiListingReferenceScanner     : Scanning for api listing references
--2021-05-07 11:41:17.125 - INFO 23409 --- [restartedMain] c.k.o.CustomerOrderGeneratorApplication  : Started CustomerOrderGeneratorApplication in 3.315 seconds (JVM running for 4.136)
--2021-05-07 11:44:33.199 - INFO 23409 --- [SpringContextShutdownHook] o.s.s.concurrent.ThreadPoolTaskExecutor  : Shutting down ExecutorService 'applicationTaskExecutor'
--2021-05-07 11:45:20.285 - INFO 23675 --- [restartedMain] c.k.o.CustomerOrderGeneratorApplication  : Starting CustomerOrderGeneratorApplication using Java 11.0.10 on subhabrata with PID 23675 (/home/subhabrata/Workspace/gitSubhSen/FoodKiosk/CustomerOrderGenerator/target/classes started by subhabrata in /home/subhabrata/Workspace/gitSubhSen/FoodKiosk)
--2021-05-07 11:45:20.288 - INFO 23675 --- [restartedMain] c.k.o.CustomerOrderGeneratorApplication  : No active profile set, falling back to default profiles: default
--2021-05-07 11:45:20.385 - INFO 23675 --- [restartedMain] .e.DevToolsPropertyDefaultsPostProcessor : Devtools property defaults active! Set 'spring.devtools.add-properties' to 'false' to disable
--2021-05-07 11:45:20.385 - INFO 23675 --- [restartedMain] .e.DevToolsPropertyDefaultsPostProcessor : For additional web related logging consider setting the 'logging.level.web' property to 'DEBUG'
--2021-05-07 11:45:21.603 - INFO 23675 --- [restartedMain] o.s.b.w.embedded.tomcat.TomcatWebServer  : Tomcat initialized with port(s): 2000 (http)
--2021-05-07 11:45:21.614 - INFO 23675 --- [restartedMain] o.apache.catalina.core.StandardService   : Starting service [Tomcat]
--2021-05-07 11:45:21.615 - INFO 23675 --- [restartedMain] org.apache.catalina.core.StandardEngine  : Starting Servlet engine: [Apache Tomcat/9.0.45]
--2021-05-07 11:45:21.665 - INFO 23675 --- [restartedMain] o.a.c.c.C.[Tomcat].[localhost].[/]       : Initializing Spring embedded WebApplicationContext
--2021-05-07 11:45:21.665 - INFO 23675 --- [restartedMain] w.s.c.ServletWebServerApplicationContext : Root WebApplicationContext: initialization completed in 1279 ms
--2021-05-07 11:45:21.720 - INFO 23675 --- [restartedMain] c.k.o.CustomerOrderGeneratorApplication  : totalMemory = 130
--2021-05-07 11:45:21.720 - INFO 23675 --- [restartedMain] c.k.o.CustomerOrderGeneratorApplication  : maxMemory   = 2061
--2021-05-07 11:45:21.721 - INFO 23675 --- [restartedMain] c.k.o.CustomerOrderGeneratorApplication  : freeMemory  = 73
--2021-05-07 11:45:22.231 - INFO 23675 --- [restartedMain] pertySourcedRequestMappingHandlerMapping : Mapped URL path [/v2/api-docs] onto method [springfox.documentation.swagger2.web.Swagger2Controller#getDocumentation(String, HttpServletRequest)]
--2021-05-07 11:45:22.312 - INFO 23675 --- [restartedMain] o.s.s.concurrent.ThreadPoolTaskExecutor  : Initializing ExecutorService 'applicationTaskExecutor'
--2021-05-07 11:45:22.331 - WARN 23675 --- [restartedMain] o.s.b.d.a.OptionalLiveReloadServer       : Unable to start LiveReload server
--2021-05-07 11:45:22.519 - INFO 23675 --- [restartedMain] o.s.b.w.embedded.tomcat.TomcatWebServer  : Tomcat started on port(s): 2000 (http) with context path ''
--2021-05-07 11:45:22.520 - INFO 23675 --- [restartedMain] d.s.w.p.DocumentationPluginsBootstrapper : Context refreshed
--2021-05-07 11:45:22.542 - INFO 23675 --- [restartedMain] d.s.w.p.DocumentationPluginsBootstrapper : Found 1 custom documentation plugin(s)
--2021-05-07 11:45:22.568 - INFO 23675 --- [restartedMain] s.d.s.w.s.ApiListingReferenceScanner     : Scanning for api listing references
--2021-05-07 11:45:22.684 - INFO 23675 --- [restartedMain] c.k.o.CustomerOrderGeneratorApplication  : Started CustomerOrderGeneratorApplication in 3.042 seconds (JVM running for 3.643)
--2021-05-07 13:15:48.225 - INFO 23675 --- [SpringContextShutdownHook] o.s.s.concurrent.ThreadPoolTaskExecutor  : Shutting down ExecutorService 'applicationTaskExecutor'
-